08:53:44  INFO Version:        [32m0.2.5[0m
08:53:44  INFO Repository:     [32mhttps://github.com/matter-labs/anvil-zksync[0m
08:53:44  INFO Rich Accounts
08:53:44  INFO ========================
08:53:44  INFO (0) 0xf39Fd6e51aad88F6F4ce6aB8827279cffFb92266 (10000 ETH)
08:53:44  INFO (1) 0x70997970C51812dc3A010C7d01b50e0d17dc79C8 (10000 ETH)
08:53:44  INFO (2) 0x3C44CdDdB6a900fa2b585dd299e03d12FA4293BC (10000 ETH)
08:53:44  INFO (3) 0x90F79bf6EB2c4f870365E785982E1f101E93b906 (10000 ETH)
08:53:44  INFO (4) 0x15d34AAf54267DB7D7c367839AAf71A00a2C6A65 (10000 ETH)
08:53:44  INFO (5) 0x9965507D1a55bcC2695C58ba16FB37d819B0A4dc (10000 ETH)
08:53:44  INFO (6) 0x976EA74026E726554dB657fA54763abd0C3a0aa9 (10000 ETH)
08:53:44  INFO (7) 0x14dC79964da2C08b23698B3D3cc7Ca32193d9955 (10000 ETH)
08:53:44  INFO (8) 0x23618e81E3f5cdF7f54C3d65f7FBc0aBf5B21E8f (10000 ETH)
08:53:44  INFO (9) 0xa0Ee7A142d267C1f36714E4a8F75612F20a79720 (10000 ETH)
08:53:44  INFO Private Keys
08:53:44  INFO ========================
08:53:44  INFO (0) 0xac0974bec39a17e36ba4a6b4d238ff944bacb478cbed5efcae784d7bf4f2ff80
08:53:44  INFO (1) 0x59c6995e998f97a5a0044966f0945389dc9e86dae88c7a8412f4603b6b78690d
08:53:44  INFO (2) 0x5de4111afa1a4b94908f83103eb1f1706367c2e68ca870fc3fb9a804cdab365a
08:53:44  INFO (3) 0x7c852118294e51e653712a81e05800f419141751be58f605c371e15141b007a6
08:53:44  INFO (4) 0x47e179ec197488593b187f80a00eb0da91f1b9d0b13f8733639f19c30a34926a
08:53:44  INFO (5) 0x8b3a350cf5c34c9194ca85829a2df0ec3153be0318b5e2d3348e872092edffba
08:53:44  INFO (6) 0x92db14e403b83dfe3df233f83dfa3a0d7096f21ca9b0d6d6b8d88b2b4ec1564e
08:53:44  INFO (7) 0x4bbbf85ce3377467afe5d46f804f221813b2bb87f24d81f60f1fcdbf7cbf4356
08:53:44  INFO (8) 0xdbda1821b80551c9d65939329250298aa3472ba22feea921c0cf5d620ea67b97
08:53:44  INFO (9) 0x2a871d0798f97d79848a013d4936a73bf4cc922c825d33c1cf7073dff6d409c6
08:53:44  INFO Wallet
08:53:44  INFO ========================
08:53:44  INFO Mnemonic:            [32mtest test test test test test test test test test test junk[0m
08:53:44  INFO Derivation path:     [32mm/44'/60'/0'/0/0[0m
08:53:44  INFO Network Configuration
08:53:44  INFO ========================
08:53:44  INFO Chain ID: [32m260[0m
08:53:44  INFO Gas Configuration
08:53:44  INFO ========================
08:53:44  INFO L1 Gas Price (gwei):               [32m5.87609641 gwei[0m
08:53:44  INFO L2 Gas Price (gwei):               [32m0.04525000 gwei[0m
08:53:44  INFO L1 Pubdata Price (gwei):           [32m0.03349689 gwei[0m
08:53:44  INFO Estimated Gas Price Scale Factor:  [32m2[0m
08:53:44  INFO Estimated Gas Limit Scale Factor:  [32m1.3[0m
08:53:44  INFO Genesis Timestamp
08:53:44  INFO ========================
08:53:44  INFO [32m1000[0m
08:53:44  INFO Node Configuration
08:53:44  INFO ========================
08:53:44  INFO Port:               8011
08:53:44  INFO EVM Emulator:       [31mDisabled[0m
08:53:44  INFO Health Check Endpoint: [31mDisabled[0m
08:53:44  INFO ZK OS:              [31mDisabled[0m
08:53:44  INFO ========================================
08:53:44  INFO   Listening on [32m0.0.0.0[0m:[32m8011[0m
08:53:44  INFO ========================================
08:57:03  INFO 
08:57:03  INFO Validating [1m0xf12a838bec5af4face6d1c254d3cc925b924ab5c2550d4a5e50f21201570873c[0m
08:57:03  INFO Executing [1m0xf12a838bec5af4face6d1c254d3cc925b924ab5c2550d4a5e50f21201570873c[0m
08:57:03  INFO 
08:57:03  INFO ✅  [SUCCESS] Hash: 0xf12a838bec5af4face6d1c254d3cc925b924ab5c2550d4a5e50f21201570873c
08:57:03  INFO Initiator: 0xf39fd6e51aad88f6f4ce6ab8827279cfffb92266
08:57:03  INFO Payer: 0xf39fd6e51aad88f6f4ce6ab8827279cfffb92266
08:57:03  INFO Gas Limit: 24_468_132 | Used: 9_786_333 | Refunded: 14_681_799
08:57:03  INFO Paid: 0.0004428316 ETH (9786333 gas * 0.04525000 gwei)
08:57:03  INFO Refunded: 0.0006643514 ETH
08:57:03  INFO 
08:59:03  INFO 
08:59:03  INFO Call: [32mSUCCESS[0m
08:59:03  INFO Output: "0x"
08:59:38  INFO 
08:59:38  INFO Validating [1m0xf2185af2772b6b1471c9bf705de7d298ef7e389f75560667759552a291404269[0m
08:59:38  INFO Executing [1m0xf2185af2772b6b1471c9bf705de7d298ef7e389f75560667759552a291404269[0m
08:59:38  INFO 
08:59:38  INFO ✅  [SUCCESS] Hash: 0xf2185af2772b6b1471c9bf705de7d298ef7e389f75560667759552a291404269
08:59:38  INFO Initiator: 0xf39fd6e51aad88f6f4ce6ab8827279cfffb92266
08:59:38  INFO Payer: 0xf39fd6e51aad88f6f4ce6ab8827279cfffb92266
08:59:38  INFO Gas Limit: 575_139 | Used: 298_321 | Refunded: 276_818
08:59:38  INFO Paid: 0.0000134990 ETH (298321 gas * 0.04525000 gwei)
08:59:38  INFO Refunded: 0.0000125260 ETH
08:59:38  INFO 
09:02:18  INFO 
09:02:18  INFO Validating [1m0xdf6cf2311278085d29dce5d3ad2ec18214929238e2263db78c576f475da11099[0m
09:02:18  INFO Executing [1m0xdf6cf2311278085d29dce5d3ad2ec18214929238e2263db78c576f475da11099[0m
09:02:18  INFO 
09:02:18  INFO ✅  [SUCCESS] Hash: 0xdf6cf2311278085d29dce5d3ad2ec18214929238e2263db78c576f475da11099
09:02:18  INFO Initiator: 0xf39fd6e51aad88f6f4ce6ab8827279cfffb92266
09:02:18  INFO Payer: 0xf39fd6e51aad88f6f4ce6ab8827279cfffb92266
09:02:18  INFO Gas Limit: 575_139 | Used: 298_321 | Refunded: 276_818
09:02:18  INFO Paid: 0.0000134990 ETH (298321 gas * 0.04525000 gwei)
09:02:18  INFO Refunded: 0.0000125260 ETH
09:02:18  INFO 
09:03:38  INFO 
09:03:38  INFO Validating [1m0x6bff6a7cf16df1d1d5553d493207f3e35f7b5daf0f9043b861633363790cfcbe[0m
09:03:38  INFO Executing [1m0x6bff6a7cf16df1d1d5553d493207f3e35f7b5daf0f9043b861633363790cfcbe[0m
09:03:38  INFO 
09:03:38  INFO ✅  [SUCCESS] Hash: 0x6bff6a7cf16df1d1d5553d493207f3e35f7b5daf0f9043b861633363790cfcbe
09:03:38  INFO Initiator: 0xf39fd6e51aad88f6f4ce6ab8827279cfffb92266
09:03:38  INFO Payer: 0xf39fd6e51aad88f6f4ce6ab8827279cfffb92266
09:03:38  INFO Gas Limit: 575_139 | Used: 301_225 | Refunded: 273_914
09:03:38  INFO Paid: 0.0000136304 ETH (301225 gas * 0.04525000 gwei)
09:03:38  INFO Refunded: 0.0000123946 ETH
09:03:38  INFO 
09:04:02  INFO 
09:04:02  INFO Validating [1m0x82e2b9f20fa9c1053fbe3067b9c988df4e55ec09768d77b59d3a12d487d5a414[0m
09:04:02  INFO Executing [1m0x82e2b9f20fa9c1053fbe3067b9c988df4e55ec09768d77b59d3a12d487d5a414[0m
09:04:02  INFO 
09:04:02  INFO ✅  [SUCCESS] Hash: 0x82e2b9f20fa9c1053fbe3067b9c988df4e55ec09768d77b59d3a12d487d5a414
09:04:02  INFO Initiator: 0xf39fd6e51aad88f6f4ce6ab8827279cfffb92266
09:04:02  INFO Payer: 0xf39fd6e51aad88f6f4ce6ab8827279cfffb92266
09:04:02  INFO Gas Limit: 575_139 | Used: 301_225 | Refunded: 273_914
09:04:02  INFO Paid: 0.0000136304 ETH (301225 gas * 0.04525000 gwei)
09:04:02  INFO Refunded: 0.0000123946 ETH
09:04:02  INFO 
09:39:58  INFO 
09:39:58  INFO Validating [1m0x214fa3890984f337ec9bfc4cdbb9f65bab0c566d5293ee3acb6e65960be87600[0m
09:39:58  INFO Executing [1m0x214fa3890984f337ec9bfc4cdbb9f65bab0c566d5293ee3acb6e65960be87600[0m
09:39:58  INFO 
09:39:58  INFO ✅  [SUCCESS] Hash: 0x214fa3890984f337ec9bfc4cdbb9f65bab0c566d5293ee3acb6e65960be87600
09:39:58  INFO Initiator: 0xf39fd6e51aad88f6f4ce6ab8827279cfffb92266
09:39:58  INFO Payer: 0xf39fd6e51aad88f6f4ce6ab8827279cfffb92266
09:39:58  INFO Gas Limit: 575_139 | Used: 298_321 | Refunded: 276_818
09:39:58  INFO Paid: 0.0000134990 ETH (298321 gas * 0.04525000 gwei)
09:39:58  INFO Refunded: 0.0000125260 ETH
09:39:58  INFO 
09:40:20  INFO 
09:40:20  INFO Validating [1m0xb5d9270a9515270dbf69bc13d1e96fd111597892a59696dfc7a256cfc35c57fc[0m
09:40:20  INFO Executing [1m0xb5d9270a9515270dbf69bc13d1e96fd111597892a59696dfc7a256cfc35c57fc[0m
09:40:20  INFO 
09:40:20  INFO ✅  [SUCCESS] Hash: 0xb5d9270a9515270dbf69bc13d1e96fd111597892a59696dfc7a256cfc35c57fc
09:40:20  INFO Initiator: 0xf39fd6e51aad88f6f4ce6ab8827279cfffb92266
09:40:20  INFO Payer: 0xf39fd6e51aad88f6f4ce6ab8827279cfffb92266
09:40:20  INFO Gas Limit: 575_139 | Used: 298_321 | Refunded: 276_818
09:40:20  INFO Paid: 0.0000134990 ETH (298321 gas * 0.04525000 gwei)
09:40:20  INFO Refunded: 0.0000125260 ETH
09:40:20  INFO 
15:02:08  INFO 
15:02:08  INFO Validating [1m0x5e7318d11afb19a7295cc6c02bdffb8a159a19e5971cede955bf4774bcc72967[0m
15:02:08  INFO Executing [1m0x5e7318d11afb19a7295cc6c02bdffb8a159a19e5971cede955bf4774bcc72967[0m
15:02:08  INFO 
15:02:08  INFO ✅  [SUCCESS] Hash: 0x5e7318d11afb19a7295cc6c02bdffb8a159a19e5971cede955bf4774bcc72967
15:02:08  INFO Initiator: 0xf39fd6e51aad88f6f4ce6ab8827279cfffb92266
15:02:08  INFO Payer: 0xf39fd6e51aad88f6f4ce6ab8827279cfffb92266
15:02:08  INFO Gas Limit: 575_139 | Used: 301_225 | Refunded: 273_914
15:02:08  INFO Paid: 0.0000136304 ETH (301225 gas * 0.04525000 gwei)
15:02:08  INFO Refunded: 0.0000123946 ETH
15:02:08  INFO 
15:02:27  INFO 
15:02:27  INFO Validating [1m0xdd05c39838a38aa2bd3e3d31a459549b03c14af06f6baa10727aee7d4affb7a4[0m
15:02:27  INFO Executing [1m0xdd05c39838a38aa2bd3e3d31a459549b03c14af06f6baa10727aee7d4affb7a4[0m
15:02:27  INFO 
15:02:27  INFO ✅  [SUCCESS] Hash: 0xdd05c39838a38aa2bd3e3d31a459549b03c14af06f6baa10727aee7d4affb7a4
15:02:27  INFO Initiator: 0xf39fd6e51aad88f6f4ce6ab8827279cfffb92266
15:02:27  INFO Payer: 0xf39fd6e51aad88f6f4ce6ab8827279cfffb92266
15:02:27  INFO Gas Limit: 575_139 | Used: 301_225 | Refunded: 273_914
15:02:27  INFO Paid: 0.0000136304 ETH (301225 gas * 0.04525000 gwei)
15:02:27  INFO Refunded: 0.0000123946 ETH
15:02:27  INFO 
